<!DOCTYPE html PUBLIC "-//W3C//DTD XHTML 1.1//EN" "http://www.w3.org/TR/xhtml11/DTD/xhtml11.dtd">
<html xmlns="http://www.w3.org/1999/xhtml"><head><title>TestNG Report</title><style type="text/css">table {margin-bottom:10px;border-collapse:collapse;empty-cells:show}th,td {border:1px solid #009;padding:.25em .5em}th {vertical-align:bottom}td {vertical-align:top}table a {font-weight:bold}.stripe td {background-color: #E6EBF9}.num {text-align:right}.passedodd td {background-color: #3F3}.passedeven td {background-color: #0A0}.skippedodd td {background-color: #DDD}.skippedeven td {background-color: #CCC}.failedodd td,.attn {background-color: #F33}.failedeven td,.stripe .attn {background-color: #D00}.stacktrace {white-space:pre;font-family:monospace}.totop {font-size:85%;text-align:center;border-bottom:2px solid #000}</style></head><body><table><tr><th>Test</th><th># Passed</th><th># Skipped</th><th># Failed</th><th>Time (ms)</th><th>Included Groups</th><th>Excluded Groups</th></tr><tr><th colspan="7">SuiteName</th></tr><tr><td><a href="#t0">Change Password Test</a></td><td class="num">0</td><td class="num attn">1</td><td class="num">0</td><td class="num">500</td><td></td><td></td></tr><tr class="stripe"><td><a href="#t1">Login Test</a></td><td class="num">0</td><td class="num attn">2</td><td class="num">0</td><td class="num">551</td><td></td><td></td></tr><tr><td><a href="#t2">Profile Test</a></td><td class="num">1</td><td class="num">0</td><td class="num">0</td><td class="num">96,174</td><td></td><td></td></tr><tr><th>Total</th><th class="num">1</th><th class="num attn">3</th><th class="num">0</th><th class="num">97,225</th><th colspan="2"></th></tr></table><table><thead><tr><th>Class</th><th>Method</th><th>Start</th><th>Time (ms)</th></tr></thead><tbody><tr><th colspan="4">SuiteName</th></tr></tbody><tbody id="t0"><tr><th colspan="4">Change Password Test &#8212; skipped</th></tr><tr class="skippedeven"><td rowspan="1">com.qtpselenium.facebook.pom.testcases.ChangePasswordTest</td><td><a href="#m0">changePasswordTest</a></td><td rowspan="1">1487399945820</td><td rowspan="1">0</td></tr></tbody><tbody id="t1"><tr><th colspan="4">Login Test &#8212; skipped</th></tr><tr class="skippedeven"><td rowspan="2">com.qtpselenium.facebook.pom.testcases.LoginTest</td><td><a href="#m1">doLogin</a></td><td rowspan="2">1487399946229</td><td rowspan="2">0</td></tr><tr class="skippedeven"><td><a href="#m2">doLogin</a></td></tr></tbody><tbody id="t2"><tr><th colspan="4">Profile Test &#8212; passed</th></tr><tr class="passedeven"><td rowspan="1">com.qtpselenium.facebook.pom.testcases.ProfileTest</td><td><a href="#m3">testProfile</a></td><td rowspan="1">1487399945807</td><td rowspan="1">93693</td></tr></tbody></table><h2>Change Password Test</h2><h3 id="m0">com.qtpselenium.facebook.pom.testcases.ChangePasswordTest#changePasswordTest</h3><table class="result"><tr class="param"><th>Parameter #1</th></tr><tr class="param stripe"><td>{NewPassword=Steven@abc, Username=Steven.mexwell, OldPassword=Steven@123, ExpectedResult=Success, Runmode=Y, Browser=Mozilla}</td></tr><tr><th>Exception</th></tr><tr><td><div class="stacktrace">org.testng.SkipException: Skipping the test as runmode is N
	at com.qtpselenium.facebook.pom.testcases.ChangePasswordTest.changePasswordTest(ChangePasswordTest.java:30)
	at java.util.concurrent.FutureTask.run(FutureTask.java:262)
	at java.util.concurrent.ThreadPoolExecutor.runWorker(ThreadPoolExecutor.java:1145)
	at java.util.concurrent.ThreadPoolExecutor$Worker.run(ThreadPoolExecutor.java:615)
	at java.lang.Thread.run(Thread.java:745)
... Removed 16 stack frames</div></td></tr></table><p class="totop"><a href="#summary">back to summary</a></p><h2>Login Test</h2><h3 id="m1">com.qtpselenium.facebook.pom.testcases.LoginTest#doLogin</h3><table class="result"><tr class="param"><th>Parameter #1</th></tr><tr class="param stripe"><td>{Username=Steven.mexwell, ExpectedResult=Unsuccessful, Password=xxxxx, Runmode=Y, Browser=Chrome}</td></tr><tr><th>Exception</th></tr><tr><td><div class="stacktrace">org.testng.SkipException: Skipping the test as runmode is N
	at com.qtpselenium.facebook.pom.testcases.LoginTest.doLogin(LoginTest.java:33)
	at java.util.concurrent.FutureTask.run(FutureTask.java:262)
	at java.util.concurrent.ThreadPoolExecutor.runWorker(ThreadPoolExecutor.java:1145)
	at java.util.concurrent.ThreadPoolExecutor$Worker.run(ThreadPoolExecutor.java:615)
	at java.lang.Thread.run(Thread.java:745)
... Removed 16 stack frames</div></td></tr></table><p class="totop"><a href="#summary">back to summary</a></p><h3 id="m2">com.qtpselenium.facebook.pom.testcases.LoginTest#doLogin</h3><table class="result"><tr class="param"><th>Parameter #1</th></tr><tr class="param stripe"><td>{Username=Steven.mexwell, ExpectedResult=Successful, Password=Steven@123, Runmode=Y, Browser=Mozilla}</td></tr><tr><th>Exception</th></tr><tr><td><div class="stacktrace">org.testng.SkipException: Skipping the test as runmode is N
	at com.qtpselenium.facebook.pom.testcases.LoginTest.doLogin(LoginTest.java:33)
	at java.util.concurrent.FutureTask.run(FutureTask.java:262)
	at java.util.concurrent.ThreadPoolExecutor.runWorker(ThreadPoolExecutor.java:1145)
	at java.util.concurrent.ThreadPoolExecutor$Worker.run(ThreadPoolExecutor.java:615)
	at java.lang.Thread.run(Thread.java:745)
... Removed 16 stack frames</div></td></tr></table><p class="totop"><a href="#summary">back to summary</a></p><h2>Profile Test</h2><h3 id="m3">com.qtpselenium.facebook.pom.testcases.ProfileTest#testProfile</h3><table class="result"></table><p class="totop"><a href="#summary">back to summary</a></p></body></html>